Mad Pascal Compiler version 1.6.6 [2021/06/08] for 6502
Compiling SFXMM.pas
modules/ui_helpers.inc (121) Note: Local proc 'GOTOXY' not used
162 lines compiled, 7.10 sec, 29860 tokens, 1839 idents, 488 blocks, 7 types
1 note(s) issued
SFXMM.a65 (2925) WARNING: Register A is changed
SFXMM.a65 (8568) WARNING: Register A is changed
ZPAGE: $0080..$00D7
RTLIB: $20CE..$26E4
SFX-ENGINE START: $28E6
PLAYBACK START: $28FC
TAB PLAYBACK START: $2903
SONG PLAYBACK START: $2985
SFX PLAYBACK START: $2A4C
SFX-ENGINE SIZE: $0285
SYSTEM: $2791..$2885
SFX_ENGINE: $2886..$2DD1
SYSUTILS: $2DD2..$2FA9
STRINGS: $2FAA..$316E
GR2: $316F..$36E0
UI: $36E1..$468A
PMGRAPH: $468B..$46F0
CODE: $2000..$A897
DATA: $A898..$AC4D
Writing listing file...
Writing object file...
32844 lines of source assembled in 17 pass
35194 bytes written to the object file
Mad Pascal Compiler version 1.6.6 [2021/06/08] for 6502
Compiling SFXMM.pas
modules/ui_helpers.inc (121) Note: Local proc 'GOTOXY' not used
162 lines compiled, 7.12 sec, 29860 tokens, 1839 idents, 488 blocks, 7 types
1 note(s) issued
SFXMM.a65 (2925) WARNING: Register A is changed
SFXMM.a65 (8568) WARNING: Register A is changed
ZPAGE: $0080..$00D7
RTLIB: $20CE..$26E4
SFX-ENGINE START: $28E6
PLAYBACK START: $28FC
TAB PLAYBACK START: $2903
SONG PLAYBACK START: $2985
SFX PLAYBACK START: $2A4C
SFX-ENGINE SIZE: $0285
SYSTEM: $2791..$2885
SFX_ENGINE: $2886..$2DD1
SYSUTILS: $2DD2..$2FA9
STRINGS: $2FAA..$316E
GR2: $316F..$36E0
UI: $36E1..$468A
PMGRAPH: $468B..$46F0
CODE: $2000..$A897
DATA: $A898..$AC4D
Writing listing file...
Writing object file...
32844 lines of source assembled in 17 pass
35194 bytes written to the object file
Mad Pascal Compiler version 1.6.6 [2021/06/08] for 6502
Compiling SFXMM.pas
modules/ui_helpers.inc (121) Note: Local proc 'GOTOXY' not used
162 lines compiled, 7.09 sec, 29860 tokens, 1839 idents, 488 blocks, 7 types
1 note(s) issued
SFXMM.a65 (2925) WARNING: Register A is changed
SFXMM.a65 (8568) WARNING: Register A is changed
ZPAGE: $0080..$00D7
RTLIB: $20CE..$26E4
SFX-ENGINE START: $28E6
PLAYBACK START: $28FC
TAB PLAYBACK START: $2903
SONG PLAYBACK START: $2985
SFX PLAYBACK START: $2A4C
SFX-ENGINE SIZE: $0285
SYSTEM: $2791..$2885
SFX_ENGINE: $2886..$2DD1
SYSUTILS: $2DD2..$2FA9
STRINGS: $2FAA..$316E
GR2: $316F..$36E0
UI: $36E1..$468A
PMGRAPH: $468B..$46F0
CODE: $2000..$A897
DATA: $A898..$AC4D
Writing listing file...
Writing object file...
32844 lines of source assembled in 17 pass
35194 bytes written to the object file
Mad Pascal Compiler version 1.6.6 [2021/06/08] for 6502
Compiling SFXMM.pas
modules/ui_helpers.inc (121) Note: Local proc 'GOTOXY' not used
162 lines compiled, 7.07 sec, 29860 tokens, 1839 idents, 488 blocks, 7 types
1 note(s) issued
SFXMM.a65 (2925) WARNING: Register A is changed
SFXMM.a65 (8568) WARNING: Register A is changed
ZPAGE: $0080..$00D7
RTLIB: $20CE..$26E4
SFX-ENGINE START: $28E6
PLAYBACK START: $28FC
TAB PLAYBACK START: $2903
SONG PLAYBACK START: $2985
SFX PLAYBACK START: $2A4C
SFX-ENGINE SIZE: $0285
SYSTEM: $2791..$2885
SFX_ENGINE: $2886..$2DD1
SYSUTILS: $2DD2..$2FA9
STRINGS: $2FAA..$316E
GR2: $316F..$36E0
UI: $36E1..$468A
PMGRAPH: $468B..$46F0
CODE: $2000..$A897
DATA: $A898..$AC4D
Writing listing file...
Writing object file...
32844 lines of source assembled in 17 pass
35194 bytes written to the object file
Mad Pascal Compiler version 1.6.6 [2021/06/08] for 6502
Error: Can't open file '.pas.pas'
Mad Pascal Compiler version 1.6.6 [2021/06/08] for 6502
Compiling SFXMM.pas
modules/ui_helpers.inc (121) Note: Local proc 'GOTOXY' not used
162 lines compiled, 7.05 sec, 29860 tokens, 1839 idents, 488 blocks, 7 types
1 note(s) issued
SFXMM.a65 (2925) WARNING: Register A is changed
SFXMM.a65 (8568) WARNING: Register A is changed
ZPAGE: $0080..$00D7
RTLIB: $20CE..$26E4
SFX-ENGINE START: $28E6
PLAYBACK START: $28FC
TAB PLAYBACK START: $2903
SONG PLAYBACK START: $2985
SFX PLAYBACK START: $2A4C
SFX-ENGINE SIZE: $0285
SYSTEM: $2791..$2885
SFX_ENGINE: $2886..$2DD1
SYSUTILS: $2DD2..$2FA9
STRINGS: $2FAA..$316E
GR2: $316F..$36E0
UI: $36E1..$468A
PMGRAPH: $468B..$46F0
CODE: $2000..$A897
DATA: $A898..$AC4D
Writing listing file...
Writing object file...
32844 lines of source assembled in 17 pass
35194 bytes written to the object file
Mad Pascal Compiler version 1.6.6 [2021/06/08] for 6502
Compiling SFXMM.pas
modules/ui_helpers.inc (121) Note: Local proc 'GOTOXY' not used
162 lines compiled, 7.07 sec, 29860 tokens, 1839 idents, 488 blocks, 7 types
1 note(s) issued
SFXMM.a65 (2925) WARNING: Register A is changed
SFXMM.a65 (8568) WARNING: Register A is changed
ZPAGE: $0080..$00D7
RTLIB: $20CE..$26E4
SFX-ENGINE START: $28E6
PLAYBACK START: $28FC
TAB PLAYBACK START: $2903
SONG PLAYBACK START: $2985
SFX PLAYBACK START: $2A4C
SFX-ENGINE SIZE: $0285
SYSTEM: $2791..$2885
SFX_ENGINE: $2886..$2DD1
SYSUTILS: $2DD2..$2FA9
STRINGS: $2FAA..$316E
GR2: $316F..$36E0
UI: $36E1..$468A
PMGRAPH: $468B..$46F0
CODE: $2000..$A897
DATA: $A898..$AC4D
Writing listing file...
Writing object file...
32844 lines of source assembled in 17 pass
35194 bytes written to the object file
Mad Pascal Compiler version 1.6.6 [2021/06/08] for 6502
Compiling SFXMM.pas
modules/ui_helpers.inc (121) Note: Local proc 'GOTOXY' not used
162 lines compiled, 7.07 sec, 29860 tokens, 1839 idents, 488 blocks, 7 types
1 note(s) issued
SFXMM.a65 (2925) WARNING: Register A is changed
SFXMM.a65 (8568) WARNING: Register A is changed
ZPAGE: $0080..$00D7
RTLIB: $20CE..$26E4
SFX-ENGINE START: $28E6
PLAYBACK START: $28FC
TAB PLAYBACK START: $2903
SONG PLAYBACK START: $2985
SFX PLAYBACK START: $2A4C
SFX-ENGINE SIZE: $0285
SYSTEM: $2791..$2885
SFX_ENGINE: $2886..$2DD1
SYSUTILS: $2DD2..$2FA9
STRINGS: $2FAA..$316E
GR2: $316F..$36E0
UI: $36E1..$468A
PMGRAPH: $468B..$46F0
CODE: $2000..$A897
DATA: $A898..$AC4D
Writing listing file...
Writing object file...
32844 lines of source assembled in 17 pass
35194 bytes written to the object file
Mad Pascal Compiler version 1.6.6 [2021/06/08] for 6502
Compiling SFXMM.pas
modules/ui_helpers.inc (121) Note: Local proc 'GOTOXY' not used
162 lines compiled, 7.04 sec, 29860 tokens, 1839 idents, 488 blocks, 7 types
1 note(s) issued
SFXMM.a65 (2925) WARNING: Register A is changed
SFXMM.a65 (8568) WARNING: Register A is changed
ZPAGE: $0080..$00D7
RTLIB: $20CE..$26E4
SFX-ENGINE START: $28E6
PLAYBACK START: $28FC
TAB PLAYBACK START: $2903
SONG PLAYBACK START: $2985
SFX PLAYBACK START: $2A4C
SFX-ENGINE SIZE: $0285
SYSTEM: $2791..$2885
SFX_ENGINE: $2886..$2DD1
SYSUTILS: $2DD2..$2FA9
STRINGS: $2FAA..$316E
GR2: $316F..$36E0
UI: $36E1..$468A
PMGRAPH: $468B..$46F0
CODE: $2000..$A897
DATA: $A898..$AC4D
Writing listing file...
Writing object file...
32844 lines of source assembled in 17 pass
35194 bytes written to the object file
Mad Pascal Compiler version 1.6.6 [2021/06/08] for 6502
Compiling SFXMM.pas
modules/ui_helpers.inc (121) Note: Local proc 'GOTOXY' not used
162 lines compiled, 7.06 sec, 29860 tokens, 1839 idents, 488 blocks, 7 types
1 note(s) issued
SFXMM.a65 (2925) WARNING: Register A is changed
SFXMM.a65 (8568) WARNING: Register A is changed
ZPAGE: $0080..$00D7
RTLIB: $20CE..$26E4
SFX-ENGINE START: $28E6
PLAYBACK START: $28FC
TAB PLAYBACK START: $2903
SONG PLAYBACK START: $2985
SFX PLAYBACK START: $2A4C
SFX-ENGINE SIZE: $0285
SYSTEM: $2791..$2885
SFX_ENGINE: $2886..$2DD1
SYSUTILS: $2DD2..$2FA9
STRINGS: $2FAA..$316E
GR2: $316F..$36E0
UI: $36E1..$468A
PMGRAPH: $468B..$46F0
CODE: $2000..$A897
DATA: $A898..$AC4D
Writing listing file...
Writing object file...
32844 lines of source assembled in 17 pass
35194 bytes written to the object file
Mad Pascal Compiler version 1.6.6 [2021/06/08] for 6502
Compiling SFXMM.pas
modules/ui_helpers.inc (121) Note: Local proc 'GOTOXY' not used
162 lines compiled, 7.05 sec, 29860 tokens, 1839 idents, 488 blocks, 7 types
1 note(s) issued
SFXMM.a65 (2925) WARNING: Register A is changed
SFXMM.a65 (8568) WARNING: Register A is changed
ZPAGE: $0080..$00D7
RTLIB: $20CE..$26E4
SFX-ENGINE START: $28E6
PLAYBACK START: $28FC
TAB PLAYBACK START: $2903
SONG PLAYBACK START: $2985
SFX PLAYBACK START: $2A4C
SFX-ENGINE SIZE: $0285
SYSTEM: $2791..$2885
SFX_ENGINE: $2886..$2DD1
SYSUTILS: $2DD2..$2FA9
STRINGS: $2FAA..$316E
GR2: $316F..$36E0
UI: $36E1..$468A
PMGRAPH: $468B..$46F0
CODE: $2000..$A897
DATA: $A898..$AC4D
Writing listing file...
Writing object file...
32844 lines of source assembled in 17 pass
35194 bytes written to the object file
Mad Pascal Compiler version 1.6.6 [2021/06/08] for 6502
Compiling SFXMM.pas
modules/ui_helpers.inc (121) Note: Local proc 'GOTOXY' not used
162 lines compiled, 7.05 sec, 29860 tokens, 1839 idents, 488 blocks, 7 types
1 note(s) issued
SFXMM.a65 (2925) WARNING: Register A is changed
SFXMM.a65 (8568) WARNING: Register A is changed
ZPAGE: $0080..$00D7
RTLIB: $20CE..$26E4
SFX-ENGINE START: $28E6
PLAYBACK START: $28FC
TAB PLAYBACK START: $2903
SONG PLAYBACK START: $2985
SFX PLAYBACK START: $2A4C
SFX-ENGINE SIZE: $0285
SYSTEM: $2791..$2885
SFX_ENGINE: $2886..$2DD1
SYSUTILS: $2DD2..$2FA9
STRINGS: $2FAA..$316E
GR2: $316F..$36E0
UI: $36E1..$468A
PMGRAPH: $468B..$46F0
CODE: $2000..$A897
DATA: $A898..$AC4D
Writing listing file...
Writing object file...
32844 lines of source assembled in 17 pass
35194 bytes written to the object file
Mad Pascal Compiler version 1.6.6 [2021/06/08] for 6502
Compiling SFXMM.pas
modules/ui_helpers.inc (121) Note: Local proc 'GOTOXY' not used
162 lines compiled, 7.05 sec, 29860 tokens, 1839 idents, 488 blocks, 7 types
1 note(s) issued
SFXMM.a65 (2925) WARNING: Register A is changed
SFXMM.a65 (8568) WARNING: Register A is changed
ZPAGE: $0080..$00D7
RTLIB: $20CE..$26E4
SFX-ENGINE START: $28E6
PLAYBACK START: $28FC
TAB PLAYBACK START: $2903
SONG PLAYBACK START: $2985
SFX PLAYBACK START: $2A4C
SFX-ENGINE SIZE: $0285
SYSTEM: $2791..$2885
SFX_ENGINE: $2886..$2DD1
SYSUTILS: $2DD2..$2FA9
STRINGS: $2FAA..$316E
GR2: $316F..$36E0
UI: $36E1..$468A
PMGRAPH: $468B..$46F0
CODE: $2000..$A897
DATA: $A898..$AC4D
Writing listing file...
Writing object file...
32844 lines of source assembled in 17 pass
35194 bytes written to the object file
Mad Pascal Compiler version 1.6.6 [2021/06/08] for 6502
Compiling SFXMM.pas
modules/ui_helpers.inc (121) Note: Local proc 'GOTOXY' not used
162 lines compiled, 9.52 sec, 29860 tokens, 1839 idents, 488 blocks, 7 types
1 note(s) issued
SFXMM.a65 (2925) WARNING: Register A is changed
SFXMM.a65 (8568) WARNING: Register A is changed
ZPAGE: $0080..$00D7
RTLIB: $20CE..$26E4
SFX-ENGINE START: $28E6
PLAYBACK START: $28FC
TAB PLAYBACK START: $2903
SONG PLAYBACK START: $2985
SFX PLAYBACK START: $2A4C
SFX-ENGINE SIZE: $0285
SYSTEM: $2791..$2885
SFX_ENGINE: $2886..$2DD1
SYSUTILS: $2DD2..$2FA9
STRINGS: $2FAA..$316E
GR2: $316F..$36E0
UI: $36E1..$468A
PMGRAPH: $468B..$46F0
CODE: $2000..$A897
DATA: $A898..$AC4D
Writing listing file...
Writing object file...
32844 lines of source assembled in 17 pass
35194 bytes written to the object file
Mad Pascal Compiler version 1.6.6 [2021/06/08] for 6502
Compiling SFXMM.pas
modules/ui_helpers.inc (121) Note: Local proc 'GOTOXY' not used
162 lines compiled, 7.18 sec, 29860 tokens, 1839 idents, 488 blocks, 7 types
1 note(s) issued
SFXMM.a65 (2925) WARNING: Register A is changed
SFXMM.a65 (8568) WARNING: Register A is changed
ZPAGE: $0080..$00D7
RTLIB: $20CE..$26E4
SFX-ENGINE START: $28E6
PLAYBACK START: $28FC
TAB PLAYBACK START: $2903
SONG PLAYBACK START: $2985
SFX PLAYBACK START: $2A4C
SFX-ENGINE SIZE: $0285
SYSTEM: $2791..$2885
SFX_ENGINE: $2886..$2DD1
SYSUTILS: $2DD2..$2FA9
STRINGS: $2FAA..$316E
GR2: $316F..$36E0
UI: $36E1..$468A
PMGRAPH: $468B..$46F0
CODE: $2000..$A897
DATA: $A898..$AC4D
Writing listing file...
Writing object file...
32844 lines of source assembled in 17 pass
35194 bytes written to the object file
Mad Pascal Compiler version 1.6.6 [2021/06/08] for 6502
Compiling SFXMM.pas
modules/ui_helpers.inc (121) Note: Local proc 'GOTOXY' not used
162 lines compiled, 7.17 sec, 29860 tokens, 1839 idents, 488 blocks, 7 types
1 note(s) issued
SFXMM.a65 (2925) WARNING: Register A is changed
SFXMM.a65 (8568) WARNING: Register A is changed
ZPAGE: $0080..$00D7
RTLIB: $20CE..$26E4
SFX-ENGINE START: $28E6
PLAYBACK START: $28FC
TAB PLAYBACK START: $2903
SONG PLAYBACK START: $2985
SFX PLAYBACK START: $2A4C
SFX-ENGINE SIZE: $0285
SYSTEM: $2791..$2885
SFX_ENGINE: $2886..$2DD1
SYSUTILS: $2DD2..$2FA9
STRINGS: $2FAA..$316E
GR2: $316F..$36E0
UI: $36E1..$468A
PMGRAPH: $468B..$46F0
CODE: $2000..$A897
DATA: $A898..$AC4D
Writing listing file...
Writing object file...
32844 lines of source assembled in 17 pass
35194 bytes written to the object file
Mad Pascal Compiler version 1.6.6 [2021/06/08] for 6502
Compiling SFXMM.pas
modules/ui_helpers.inc (121) Note: Local proc 'GOTOXY' not used
162 lines compiled, 7.28 sec, 29860 tokens, 1839 idents, 488 blocks, 7 types
1 note(s) issued
SFXMM.a65 (2925) WARNING: Register A is changed
SFXMM.a65 (8568) WARNING: Register A is changed
ZPAGE: $0080..$00D7
RTLIB: $20CE..$26E4
SFX-ENGINE START: $28E6
PLAYBACK START: $28FC
TAB PLAYBACK START: $2903
SONG PLAYBACK START: $2985
SFX PLAYBACK START: $2A4C
SFX-ENGINE SIZE: $0285
SYSTEM: $2791..$2885
SFX_ENGINE: $2886..$2DD1
SYSUTILS: $2DD2..$2FA9
STRINGS: $2FAA..$316E
GR2: $316F..$36E0
UI: $36E1..$468A
PMGRAPH: $468B..$46F0
CODE: $2000..$A897
DATA: $A898..$AC4D
Writing listing file...
Writing object file...
32844 lines of source assembled in 17 pass
35194 bytes written to the object file
Mad Pascal Compiler version 1.6.6 [2021/06/08] for 6502
Compiling SFXMM.pas
modules/ui_helpers.inc (121) Note: Local proc 'GOTOXY' not used
162 lines compiled, 7.97 sec, 29860 tokens, 1839 idents, 488 blocks, 7 types
1 note(s) issued
SFXMM.a65 (2925) WARNING: Register A is changed
SFXMM.a65 (8568) WARNING: Register A is changed
ZPAGE: $0080..$00D7
RTLIB: $20CE..$26E4
SFX-ENGINE START: $28E6
PLAYBACK START: $28FC
TAB PLAYBACK START: $2903
SONG PLAYBACK START: $2985
SFX PLAYBACK START: $2A4C
SFX-ENGINE SIZE: $0285
SYSTEM: $2791..$2885
SFX_ENGINE: $2886..$2DD1
SYSUTILS: $2DD2..$2FA9
STRINGS: $2FAA..$316E
GR2: $316F..$36E0
UI: $36E1..$468A
PMGRAPH: $468B..$46F0
CODE: $2000..$A897
DATA: $A898..$AC4D
Writing listing file...
Writing object file...
32844 lines of source assembled in 17 pass
35194 bytes written to the object file
Mad Pascal Compiler version 1.6.6 [2021/06/08] for 6502
Compiling SFXMM.pas
modules/ui_helpers.inc (121) Note: Local proc 'GOTOXY' not used
162 lines compiled, 7.29 sec, 29860 tokens, 1839 idents, 488 blocks, 7 types
1 note(s) issued
SFXMM.a65 (2925) WARNING: Register A is changed
SFXMM.a65 (8568) WARNING: Register A is changed
ZPAGE: $0080..$00D7
RTLIB: $20CE..$26E4
SFX-ENGINE START: $28E6
PLAYBACK START: $28FC
TAB PLAYBACK START: $2903
SONG PLAYBACK START: $2985
SFX PLAYBACK START: $2A4C
SFX-ENGINE SIZE: $0285
SYSTEM: $2791..$2885
SFX_ENGINE: $2886..$2DD1
SYSUTILS: $2DD2..$2FA9
STRINGS: $2FAA..$316E
GR2: $316F..$36E0
UI: $36E1..$468A
PMGRAPH: $468B..$46F0
CODE: $2000..$A897
DATA: $A898..$AC4D
Writing listing file...
Writing object file...
32844 lines of source assembled in 17 pass
35194 bytes written to the object file
Mad Pascal Compiler version 1.6.6 [2021/06/08] for 6502
Compiling SFXMM.pas
modules/ui_helpers.inc (121) Note: Local proc 'GOTOXY' not used
162 lines compiled, 7.41 sec, 29860 tokens, 1839 idents, 488 blocks, 7 types
1 note(s) issued
SFXMM.a65 (2925) WARNING: Register A is changed
SFXMM.a65 (8568) WARNING: Register A is changed
ZPAGE: $0080..$00D7
RTLIB: $20CE..$26E4
SFX-ENGINE START: $28E6
PLAYBACK START: $28FC
TAB PLAYBACK START: $2903
SONG PLAYBACK START: $2985
SFX PLAYBACK START: $2A4C
SFX-ENGINE SIZE: $0285
SYSTEM: $2791..$2885
SFX_ENGINE: $2886..$2DD1
SYSUTILS: $2DD2..$2FA9
STRINGS: $2FAA..$316E
GR2: $316F..$36E0
UI: $36E1..$468A
PMGRAPH: $468B..$46F0
CODE: $2000..$A897
DATA: $A898..$AC4D
Writing listing file...
Writing object file...
32844 lines of source assembled in 17 pass
35194 bytes written to the object file
Mad Pascal Compiler version 1.6.6 [2021/06/08] for 6502
Compiling SFXMM.pas
const.inc (20) Note: Local const 'RESOURCESFILE' not used
162 lines compiled, 7.07 sec, 29727 tokens, 1833 idents, 486 blocks, 7 types
1 note(s) issued
SFXMM.a65 (2933) WARNING: Register A is changed
SFXMM.a65 (8405) WARNING: Register A is changed
$R RCDATA  $C000..$C9AA 'resources/resources.dat'
ZPAGE: $0080..$00D7
RTLIB: $208E..$269F
SFX-ENGINE START: $28A1
PLAYBACK START: $28B7
TAB PLAYBACK START: $28BE
SONG PLAYBACK START: $2940
SFX PLAYBACK START: $2A07
SFX-ENGINE SIZE: $0285
SYSTEM: $274C..$2840
SFX_ENGINE: $2841..$2D8C
SYSUTILS: $2D8D..$2F64
STRINGS: $2F65..$3129
GR2: $312A..$369B
UI: $369C..$4645
PMGRAPH: $4646..$46AB
CODE: $2000..$A749
DATA: $A74C..$AAFD
Writing listing file...
Writing object file...
33966 lines of source assembled in 17 pass
37499 bytes written to the object file
Mad Pascal Compiler version 1.6.6 [2021/06/08] for 6502
Compiling SFXMM.pas
const.inc (20) Note: Local const 'RESOURCESFILE' not used
162 lines compiled, 6.99 sec, 29727 tokens, 1833 idents, 486 blocks, 7 types
1 note(s) issued
SFXMM.a65 (2933) WARNING: Register A is changed
SFXMM.a65 (8405) WARNING: Register A is changed
$R RCDATA  $C000..$C9AA 'resources/resources.dat'
ZPAGE: $0080..$00D7
RTLIB: $208E..$269F
SFX-ENGINE START: $28A1
PLAYBACK START: $28B7
TAB PLAYBACK START: $28BE
SONG PLAYBACK START: $2940
SFX PLAYBACK START: $2A07
SFX-ENGINE SIZE: $0285
SYSTEM: $274C..$2840
SFX_ENGINE: $2841..$2D8C
SYSUTILS: $2D8D..$2F64
STRINGS: $2F65..$3129
GR2: $312A..$369B
UI: $369C..$4645
PMGRAPH: $4646..$46AB
CODE: $2000..$A749
DATA: $A74C..$AAFD
Writing listing file...
Writing object file...
33966 lines of source assembled in 17 pass
37499 bytes written to the object file
Mad Pascal Compiler version 1.6.6 [2021/06/08] for 6502
Compiling SFXMM.pas
const.inc (20) Note: Local const 'RESOURCESFILE' not used
162 lines compiled, 7.01 sec, 29727 tokens, 1833 idents, 486 blocks, 7 types
1 note(s) issued
SFXMM.a65 (2933) WARNING: Register A is changed
SFXMM.a65 (8405) WARNING: Register A is changed
$R RCDATA  $C000..$C9AA 'resources/resources.dat'
ZPAGE: $0080..$00D7
RTLIB: $208E..$269F
SFX-ENGINE START: $28A1
PLAYBACK START: $28B7
TAB PLAYBACK START: $28BE
SONG PLAYBACK START: $2940
SFX PLAYBACK START: $2A07
SFX-ENGINE SIZE: $0285
SYSTEM: $274C..$2840
SFX_ENGINE: $2841..$2D8C
SYSUTILS: $2D8D..$2F64
STRINGS: $2F65..$3129
GR2: $312A..$369B
UI: $369C..$4645
PMGRAPH: $4646..$46AB
CODE: $2000..$A749
DATA: $A74C..$AAFD
Writing listing file...
Writing object file...
33966 lines of source assembled in 17 pass
37499 bytes written to the object file
Mad Pascal Compiler version 1.6.6 [2021/06/08] for 6502
Compiling SFXMM.pas
const.inc (20) Note: Local const 'RESOURCESFILE' not used
162 lines compiled, 7.00 sec, 29729 tokens, 1833 idents, 486 blocks, 7 types
1 note(s) issued
SFXMM.a65 (2933) WARNING: Register A is changed
SFXMM.a65 (8405) WARNING: Register A is changed
$R RCDATA  $C000..$C9AA 'resources/resources.dat'
ZPAGE: $0080..$00D7
RTLIB: $208E..$269F
SFX-ENGINE START: $28A1
PLAYBACK START: $28B7
TAB PLAYBACK START: $28BE
SONG PLAYBACK START: $2940
SFX PLAYBACK START: $2A07
SFX-ENGINE SIZE: $0285
SYSTEM: $274C..$2840
SFX_ENGINE: $2841..$2D8C
SYSUTILS: $2D8D..$2F64
STRINGS: $2F65..$3129
GR2: $312A..$369B
UI: $369C..$4645
PMGRAPH: $4646..$46AB
CODE: $2000..$A74E
DATA: $A750..$AB01
Writing listing file...
Writing object file...
33968 lines of source assembled in 17 pass
37504 bytes written to the object file
Mad Pascal Compiler version 1.6.6 [2021/06/08] for 6502
Compiling SFXMM.pas
const.inc (20) Note: Local const 'RESOURCESFILE' not used
162 lines compiled, 7.05 sec, 29749 tokens, 1833 idents, 486 blocks, 7 types
1 note(s) issued
SFXMM.a65 (2933) WARNING: Register A is changed
SFXMM.a65 (8405) WARNING: Register A is changed
$R RCDATA  $C000..$C9AA 'resources/resources.dat'
ZPAGE: $0080..$00D7
RTLIB: $208E..$269F
SFX-ENGINE START: $28A1
PLAYBACK START: $28B7
TAB PLAYBACK START: $28BE
SONG PLAYBACK START: $2940
SFX PLAYBACK START: $2A07
SFX-ENGINE SIZE: $0285
SYSTEM: $274C..$2840
SFX_ENGINE: $2841..$2D8C
SYSUTILS: $2D8D..$2F64
STRINGS: $2F65..$3129
GR2: $312A..$369B
UI: $369C..$4645
PMGRAPH: $4646..$46AB
CODE: $2000..$A77C
DATA: $A780..$AB31
Writing listing file...
Writing object file...
33991 lines of source assembled in 16 pass
37550 bytes written to the object file
Mad Pascal Compiler version 1.6.6 [2021/06/08] for 6502
Compiling SFXMM.pas
const.inc (20) Note: Local const 'RESOURCESFILE' not used
162 lines compiled, 7.01 sec, 29749 tokens, 1833 idents, 486 blocks, 7 types
1 note(s) issued
SFXMM.a65 (2933) WARNING: Register A is changed
SFXMM.a65 (8405) WARNING: Register A is changed
$R RCDATA  $C000..$C9AA 'resources/resources.dat'
ZPAGE: $0080..$00D7
RTLIB: $208E..$269F
SFX-ENGINE START: $28A1
PLAYBACK START: $28B7
TAB PLAYBACK START: $28BE
SONG PLAYBACK START: $2940
SFX PLAYBACK START: $2A07
SFX-ENGINE SIZE: $0285
SYSTEM: $274C..$2840
SFX_ENGINE: $2841..$2D8C
SYSUTILS: $2D8D..$2F64
STRINGS: $2F65..$3129
GR2: $312A..$369B
UI: $369C..$4645
PMGRAPH: $4646..$46AB
CODE: $2000..$A77C
DATA: $A780..$AB31
Writing listing file...
Writing object file...
33991 lines of source assembled in 16 pass
37550 bytes written to the object file
Mad Pascal Compiler version 1.6.6 [2021/06/08] for 6502
Compiling SFXMM.pas
const.inc (20) Note: Local const 'RESOURCESFILE' not used
162 lines compiled, 7.17 sec, 29706 tokens, 1833 idents, 486 blocks, 7 types
1 note(s) issued
SFXMM.a65 (2933) WARNING: Register A is changed
SFXMM.a65 (8405) WARNING: Register A is changed
$R RCDATA  $C000..$C9AA 'resources/resources.dat'
ZPAGE: $0080..$00D7
RTLIB: $208E..$269F
SFX-ENGINE START: $28A1
PLAYBACK START: $28B7
TAB PLAYBACK START: $28BE
SONG PLAYBACK START: $2940
SFX PLAYBACK START: $2A07
SFX-ENGINE SIZE: $0285
SYSTEM: $274C..$2840
SFX_ENGINE: $2841..$2D8C
SYSUTILS: $2D8D..$2F64
STRINGS: $2F65..$3129
GR2: $312A..$369B
UI: $369C..$4645
PMGRAPH: $4646..$46AB
CODE: $2000..$A732
DATA: $A734..$AAE5
Writing listing file...
Writing object file...
33945 lines of source assembled in 17 pass
37476 bytes written to the object file
Mad Pascal Compiler version 1.6.6 [2021/06/08] for 6502
Compiling SFXMM.pas
const.inc (20) Note: Local const 'RESOURCESFILE' not used
162 lines compiled, 7.03 sec, 29706 tokens, 1833 idents, 486 blocks, 7 types
1 note(s) issued
SFXMM.a65 (2933) WARNING: Register A is changed
SFXMM.a65 (8405) WARNING: Register A is changed
$R RCDATA  $C000..$C9AA 'resources/resources.dat'
ZPAGE: $0080..$00D7
RTLIB: $208E..$269F
SFX-ENGINE START: $28A1
PLAYBACK START: $28B7
TAB PLAYBACK START: $28BE
SONG PLAYBACK START: $2940
SFX PLAYBACK START: $2A07
SFX-ENGINE SIZE: $0285
SYSTEM: $274C..$2840
SFX_ENGINE: $2841..$2D8C
SYSUTILS: $2D8D..$2F64
STRINGS: $2F65..$3129
GR2: $312A..$369B
UI: $369C..$4645
PMGRAPH: $4646..$46AB
CODE: $2000..$A732
DATA: $A734..$AAE5
Writing listing file...
Writing object file...
33945 lines of source assembled in 17 pass
37476 bytes written to the object file
