DATA SIZE: $09AB
TABLE OF POINTERS SIZE: $007E
MENUS : $C07E..$C382
STRINNGS : $C383..$C503
MESSAGES : $C504..$C69F
DATA : $C6A0..$C9AA
DLIST SIZE: $0018
Writing object file...
551 lines of source assembled in 2 pass
2475 bytes written to the object file
DATA SIZE: $09AB
TABLE OF POINTERS SIZE: $007E
MENUS : $C07E..$C382
STRINNGS : $C383..$C503
MESSAGES : $C504..$C69F
DATA : $C6A0..$C9AA
DLIST SIZE: $0018
Writing object file...
551 lines of source assembled in 2 pass
2475 bytes written to the object file
DATA SIZE: $09AB
TABLE OF POINTERS SIZE: $007E
MENUS : $C07E..$C382
STRINNGS : $C383..$C503
MESSAGES : $C504..$C69F
DATA : $C6A0..$C9AA
DLIST SIZE: $0018
Writing object file...
551 lines of source assembled in 2 pass
2475 bytes written to the object file
DATA SIZE: $09AB
TABLE OF POINTERS SIZE: $007E
MENUS : $C07E..$C382
STRINNGS : $C383..$C503
MESSAGES : $C504..$C69F
DATA : $C6A0..$C9AA
DLIST SIZE: $0018
Writing object file...
551 lines of source assembled in 2 pass
2475 bytes written to the object file
DATA SIZE: $09AB
TABLE OF POINTERS SIZE: $007E
MENUS : $C07E..$C382
STRINNGS : $C383..$C503
MESSAGES : $C504..$C69F
DATA : $C6A0..$C9AA
DLIST SIZE: $0018
Writing object file...
551 lines of source assembled in 2 pass
2475 bytes written to the object file
DATA SIZE: $09AB
TABLE OF POINTERS SIZE: $007E
MENUS : $C07E..$C382
STRINNGS : $C383..$C503
MESSAGES : $C504..$C69F
DATA : $C6A0..$C9AA
DLIST SIZE: $0018
Writing object file...
551 lines of source assembled in 2 pass
2475 bytes written to the object file
DATA SIZE: $09AB
TABLE OF POINTERS SIZE: $007E
MENUS : $C07E..$C382
STRINNGS : $C383..$C503
MESSAGES : $C504..$C69F
DATA : $C6A0..$C9AA
DLIST SIZE: $0018
Writing object file...
551 lines of source assembled in 2 pass
2475 bytes written to the object file
DATA SIZE: $09AB
TABLE OF POINTERS SIZE: $007E
MENUS : $C07E..$C382
STRINNGS : $C383..$C503
MESSAGES : $C504..$C69F
DATA : $C6A0..$C9AA
DLIST SIZE: $0018
Writing object file...
551 lines of source assembled in 2 pass
2475 bytes written to the object file
DATA SIZE: $09AB
TABLE OF POINTERS SIZE: $007E
MENUS : $C07E..$C382
STRINNGS : $C383..$C503
MESSAGES : $C504..$C69F
DATA : $C6A0..$C9AA
DLIST SIZE: $0018
Writing object file...
551 lines of source assembled in 2 pass
2475 bytes written to the object file
DATA SIZE: $09AB
TABLE OF POINTERS SIZE: $007E
MENUS : $C07E..$C382
STRINNGS : $C383..$C503
MESSAGES : $C504..$C69F
DATA : $C6A0..$C9AA
DLIST SIZE: $0018
Writing object file...
551 lines of source assembled in 2 pass
2475 bytes written to the object file
DATA SIZE: $09AB
TABLE OF POINTERS SIZE: $007E
MENUS : $C07E..$C382
STRINNGS : $C383..$C503
MESSAGES : $C504..$C69F
DATA : $C6A0..$C9AA
DLIST SIZE: $0018
Writing object file...
551 lines of source assembled in 2 pass
2475 bytes written to the object file
DATA SIZE: $09AB
TABLE OF POINTERS SIZE: $007E
MENUS : $C07E..$C382
STRINNGS : $C383..$C503
MESSAGES : $C504..$C69F
DATA : $C6A0..$C9AA
DLIST SIZE: $0018
Writing object file...
551 lines of source assembled in 2 pass
2475 bytes written to the object file
DATA SIZE: $09AB
TABLE OF POINTERS SIZE: $007E
MENUS : $C07E..$C382
STRINNGS : $C383..$C503
MESSAGES : $C504..$C69F
DATA : $C6A0..$C9AA
DLIST SIZE: $0018
Writing object file...
551 lines of source assembled in 2 pass
2475 bytes written to the object file
